<?xml version="1.0" encoding="UTF-8"?>
<testng-results ignored="0" total="4" passed="3" failed="1" skipped="0">
  <reporter-output>
  </reporter-output>
  <suite started-at="2022-11-18T16:55:20 IST" name="Default suite" finished-at="2022-11-18T16:56:02 IST" duration-ms="42097">
    <groups>
    </groups>
    <test started-at="2022-11-18T16:55:20 IST" name="Default test" finished-at="2022-11-18T16:56:02 IST" duration-ms="42097">
      <class name="TestClass.VerifyQATest">
        <test-method is-config="true" signature="report()[pri:0, instance:TestClass.VerifyQATest@61078690]" started-at="2022-11-18T16:55:20 IST" name="report" finished-at="2022-11-18T16:55:21 IST" duration-ms="1180" status="PASS">
          <reporter-output>
          </reporter-output>
        </test-method> <!-- report -->
        <test-method signature="AOpenBrowser(java.lang.String)[pri:0, instance:TestClass.VerifyQATest@61078690]" started-at="2022-11-18T16:55:21 IST" name="AOpenBrowser" finished-at="2022-11-18T16:55:26 IST" duration-ms="4423" status="PASS">
          <params>
            <param index="0">
              <value>
                <![CDATA[chrome]]>
              </value>
            </param>
          </params>
          <reporter-output>
          </reporter-output>
        </test-method> <!-- AOpenBrowser -->
        <test-method signature="BTestData()[pri:0, instance:TestClass.VerifyQATest@61078690]" started-at="2022-11-18T16:55:26 IST" name="BTestData" finished-at="2022-11-18T16:55:27 IST" duration-ms="1271" status="PASS">
          <reporter-output>
          </reporter-output>
        </test-method> <!-- BTestData -->
        <test-method signature="SchoolSearch()[pri:0, instance:TestClass.VerifyQATest@61078690]" started-at="2022-11-18T16:55:27 IST" name="SchoolSearch" finished-at="2022-11-18T16:55:45 IST" duration-ms="17865" status="PASS">
          <reporter-output>
          </reporter-output>
        </test-method> <!-- SchoolSearch -->
        <test-method signature="VerifyQATest()[pri:1, instance:TestClass.VerifyQATest@61078690]" started-at="2022-11-18T16:55:45 IST" name="VerifyQATest" finished-at="2022-11-18T16:55:59 IST" depends-on-methods="TestClass.VerifyQATest.SchoolSearch" duration-ms="14576" status="FAIL">
          <exception class="java.lang.AssertionError">
            <message>
              <![CDATA[expected [true] but found [false]]]>
            </message>
            <full-stacktrace>
              <![CDATA[java.lang.AssertionError: expected [true] but found [false]
at org.testng.Assert.fail(Assert.java:99)
at org.testng.Assert.failNotEquals(Assert.java:1037)
at org.testng.Assert.assertTrue(Assert.java:45)
at org.testng.Assert.assertTrue(Assert.java:55)
at TestClass.VerifyQATest.VerifyQATest(VerifyQATest.java:94)
at java.base/jdk.internal.reflect.NativeMethodAccessorImpl.invoke0(Native Method)
at java.base/jdk.internal.reflect.NativeMethodAccessorImpl.invoke(NativeMethodAccessorImpl.java:62)
at java.base/jdk.internal.reflect.DelegatingMethodAccessorImpl.invoke(DelegatingMethodAccessorImpl.java:43)
at java.base/java.lang.reflect.Method.invoke(Method.java:566)
at org.testng.internal.MethodInvocationHelper.invokeMethod(MethodInvocationHelper.java:133)
at org.testng.internal.TestInvoker.invokeMethod(TestInvoker.java:598)
at org.testng.internal.TestInvoker.invokeTestMethod(TestInvoker.java:173)
at org.testng.internal.MethodRunner.runInSequence(MethodRunner.java:46)
at org.testng.internal.TestInvoker$MethodInvocationAgent.invoke(TestInvoker.java:824)
at org.testng.internal.TestInvoker.invokeTestMethods(TestInvoker.java:146)
at org.testng.internal.TestMethodWorker.invokeTestMethods(TestMethodWorker.java:146)
at org.testng.internal.TestMethodWorker.run(TestMethodWorker.java:128)
at java.base/java.util.ArrayList.forEach(ArrayList.java:1541)
at org.testng.TestRunner.privateRun(TestRunner.java:794)
at org.testng.TestRunner.run(TestRunner.java:596)
at org.testng.SuiteRunner.runTest(SuiteRunner.java:377)
at org.testng.SuiteRunner.runSequentially(SuiteRunner.java:371)
at org.testng.SuiteRunner.privateRun(SuiteRunner.java:332)
at org.testng.SuiteRunner.run(SuiteRunner.java:276)
at org.testng.SuiteRunnerWorker.runSuite(SuiteRunnerWorker.java:53)
at org.testng.SuiteRunnerWorker.run(SuiteRunnerWorker.java:96)
at org.testng.TestNG.runSuitesSequentially(TestNG.java:1212)
at org.testng.TestNG.runSuitesLocally(TestNG.java:1134)
at org.testng.TestNG.runSuites(TestNG.java:1063)
at org.testng.TestNG.run(TestNG.java:1031)
at org.testng.remote.AbstractRemoteTestNG.run(AbstractRemoteTestNG.java:115)
at org.testng.remote.RemoteTestNG.initAndRun(RemoteTestNG.java:251)
at org.testng.remote.RemoteTestNG.main(RemoteTestNG.java:77)
]]>
            </full-stacktrace>
          </exception> <!-- java.lang.AssertionError -->
          <reporter-output>
          </reporter-output>
        </test-method> <!-- VerifyQATest -->
        <test-method is-config="true" signature="Teardown()[pri:0, instance:TestClass.VerifyQATest@61078690]" started-at="2022-11-18T16:55:59 IST" name="Teardown" finished-at="2022-11-18T16:56:02 IST" duration-ms="2702" status="PASS">
          <reporter-output>
          </reporter-output>
        </test-method> <!-- Teardown -->
      </class> <!-- TestClass.VerifyQATest -->
    </test> <!-- Default test -->
  </suite> <!-- Default suite -->
</testng-results>
