<?xml version="1.0" encoding="UTF-8"?>
<!-- Generated by org.testng.reporters.JUnitXMLReporter -->
<testsuite ignored="0" hostname="MT-5CG1057HYC" failures="2" tests="4" name="PhantomJS" time="195.938" errors="0" timestamp="2022-11-18T15:40:20 IST">
  <testcase classname="utils.BaseClass" name="AOpenBrowser" time="6.414"/>
  <testcase classname="utils.BaseClass" name="BTestData" time="0.084"/>
  <testcase classname="TestClass.VerifyQATest" name="SchoolSearch" time="124.776">
    <failure type="java.lang.AssertionError" message="Element wait failed due to exception : Expected condition failed: waiting for visibility of Proxy element for: DefaultElementLocator &amp;apos;By.id: main&amp;apos; (tried for 50 second(s) with 500 MILLISECONDS interval)">
      <![CDATA[java.lang.AssertionError: Element wait failed due to exception : Expected condition failed: waiting for visibility of Proxy element for: DefaultElementLocator 'By.id: main' (tried for 50 second(s) with 500 MILLISECONDS interval)
at utils.CommonLibraries.explicitWait(CommonLibraries.java:70)
at TestClass.VerifyQATest.SchoolSearch(VerifyQATest.java:49)
at java.base/java.util.ArrayList.forEach(ArrayList.java:1541)
... Removed 28 stack frames]]>
    </failure>
  </testcase> <!-- SchoolSearch -->
  <testcase classname="TestClass.VerifyQATest" name="SelectOrganizationandVerify" time="61.834">
    <failure type="junit.framework.AssertionFailedError" message="Failed {&amp;quot;errorMessage&amp;quot;:&amp;quot;Unable to find element with xpath &amp;apos;//div[@class=&amp;apos;bg-light&amp;apos;]/div/div[text()=&amp;apos;Finished loading&amp;apos;]&amp;apos;&amp;quot;,&amp;quot;request&amp;quot;:{&amp;quot;headers&amp;quot;:{&amp;quot;Accept-Encoding&amp;quot;:&amp;quot;gzip,deflate&amp;quot;,&amp;quot;Connection&amp;quot;:&amp;quot;Keep-Alive&amp;quot;,&amp;quot;Content-Length&amp;quot;:&amp;quot;87&amp;quot;,&amp;quot;Content-Type&amp;quot;:&amp;quot;application/json; charset=utf-8&amp;quot;,&amp;quot;Host&amp;quot;:&amp;quot;localhost:1693&amp;quot;,&amp;quot;User-Agent&amp;quot;:&amp;quot;Apache-HttpClient/4.5.6 (Java/11.0.11)&amp;quot;},&amp;quot;httpVersion&amp;quot;:&amp;quot;1.1&amp;quot;,&amp;quot;method&amp;quot;:&amp;quot;POST&amp;quot;,&amp;quot;post&amp;quot;:&amp;quot;{\&amp;quot;using\&amp;quot;:\&amp;quot;xpath\&amp;quot;,\&amp;quot;value\&amp;quot;:\&amp;quot;//div[@class=&amp;apos;bg-light&amp;apos;]/div/div[text()=&amp;apos;Finished loading&amp;apos;]\&amp;quot;}&amp;quot;,&amp;quot;url&amp;quot;:&amp;quot;/element&amp;quot;,&amp;quot;urlParsed&amp;quot;:{&amp;quot;anchor&amp;quot;:&amp;quot;&amp;quot;,&amp;quot;query&amp;quot;:&amp;quot;&amp;quot;,&amp;quot;file&amp;quot;:&amp;quot;element&amp;quot;,&amp;quot;directory&amp;quot;:&amp;quot;/&amp;quot;,&amp;quot;path&amp;quot;:&amp;quot;/element&amp;quot;,&amp;quot;relative&amp;quot;:&amp;quot;/element&amp;quot;,&amp;quot;port&amp;quot;:&amp;quot;&amp;quot;,&amp;quot;host&amp;quot;:&amp;quot;&amp;quot;,&amp;quot;password&amp;quot;:&amp;quot;&amp;quot;,&amp;quot;user&amp;quot;:&amp;quot;&amp;quot;,&amp;quot;userInfo&amp;quot;:&amp;quot;&amp;quot;,&amp;quot;authority&amp;quot;:&amp;quot;&amp;quot;,&amp;quot;protocol&amp;quot;:&amp;quot;&amp;quot;,&amp;quot;source&amp;quot;:&amp;quot;/element&amp;quot;,&amp;quot;queryKey&amp;quot;:{},&amp;quot;chunks&amp;quot;:[&amp;quot;element&amp;quot;]},&amp;quot;urlOriginal&amp;quot;:&amp;quot;/session/c52b1080-6728-11ed-938b-bd9827b743b4/element&amp;quot;}}
Command duration or timeout: 0 milliseconds">
      <![CDATA[junit.framework.AssertionFailedError: Failed {"errorMessage":"Unable to find element with xpath '//div[@class='bg-light']/div/div[text()='Finished loading']'","request":{"headers":{"Accept-Encoding":"gzip,deflate","Connection":"Keep-Alive","Content-Length":"87","Content-Type":"application/json; charset=utf-8","Host":"localhost:1693","User-Agent":"Apache-HttpClient/4.5.6 (Java/11.0.11)"},"httpVersion":"1.1","method":"POST","post":"{\"using\":\"xpath\",\"value\":\"//div[@class='bg-light']/div/div[text()='Finished loading']\"}","url":"/element","urlParsed":{"anchor":"","query":"","file":"element","directory":"/","path":"/element","relative":"/element","port":"","host":"","password":"","user":"","userInfo":"","authority":"","protocol":"","source":"/element","queryKey":{},"chunks":["element"]},"urlOriginal":"/session/c52b1080-6728-11ed-938b-bd9827b743b4/element"}}
Command duration or timeout: 0 milliseconds
at junit.framework.Assert.fail(Assert.java:47)
at TestClass.VerifyQATest.SelectOrganizationandVerify(VerifyQATest.java:104)
at java.base/java.util.ArrayList.forEach(ArrayList.java:1541)
... Removed 27 stack frames]]>
    </failure>
  </testcase> <!-- SelectOrganizationandVerify -->
</testsuite> <!-- PhantomJS -->
